C51 COMPILER V9.60.0.0   MAIN                                                              09/02/2022 00:28:52 PAGE 1   


C51 COMPILER V9.60.0.0, COMPILATION OF MODULE MAIN
OBJECT MODULE PLACED IN ..\bin\main.obj
COMPILER INVOKED BY: C:\Keil_v5\C51\BIN\C51.EXE ..\app\main.c OPTIMIZE(0,SPEED) BROWSE INCDIR(..\include) DEBUG OBJECTEX
                    -TEND PRINT(.\Listings\main.lst) TABS(2) OBJECT(..\bin\main.obj)

line level    source

   1          #include <reg51.h>
   2          #include "global.h"
   3          
   4          
   5          sbit LED = P0^1;
   6          sbit SWITCH = P1 ^ 1;
   7          
   8          void main()
   9          {
  10   1        while(1)
  11   1        {
  12   2          if (SWITCH == 0)
  13   2          {
  14   3            while(SWITCH == 0);
  15   3              LED = ~LED;
  16   3          }
  17   2        }
  18   1      }


MODULE INFORMATION:   STATIC OVERLAYABLE
   CODE SIZE        =     11    ----
   CONSTANT SIZE    =   ----    ----
   XDATA SIZE       =   ----    ----
   PDATA SIZE       =   ----    ----
   DATA SIZE        =   ----    ----
   IDATA SIZE       =   ----    ----
   BIT SIZE         =   ----    ----
END OF MODULE INFORMATION.


C51 COMPILATION COMPLETE.  0 WARNING(S),  0 ERROR(S)
