C51 COMPILER V9.60.0.0   MAIN                                                              09/06/2022 23:30:31 PAGE 1   


C51 COMPILER V9.60.0.0, COMPILATION OF MODULE MAIN
OBJECT MODULE PLACED IN ..\bin\main.obj
COMPILER INVOKED BY: C:\Keil_v5\C51\BIN\C51.EXE ..\app\main.c OPTIMIZE(0,SPEED) BROWSE INCDIR(..\include) DEBUG OBJECTEX
                    -TEND PRINT(.\Listings\main.lst) TABS(2) OBJECT(..\bin\main.obj)

line level    source

   1          #include <reg51.h>
   2          #include "global.h"
   3          
   4          sbit SWITCH1 = P1 ^ 1;
   5          sbit SWITCH2 = P1 ^ 2;
   6          
   7          void main()
   8          {
   9   1        
  10   1        while(1)
  11   1        {
  12   2          if (SWITCH1 == 0)
  13   2          {
  14   3            SETBIT(P2,1);
  15   3            CLRBIT(P2,4);
  16   3          }
  17   2          else if (SWITCH2 == 0)
  18   2          {
  19   3            CLRBIT(P2,1);
  20   3            SETBIT(P2,4);
  21   3            
  22   3          }
  23   2          else
  24   2          {
  25   3            CLRBIT(P2,1);
  26   3            CLRBIT(P2,4);
  27   3          }
  28   2        }
  29   1      }


MODULE INFORMATION:   STATIC OVERLAYABLE
   CODE SIZE        =     31    ----
   CONSTANT SIZE    =   ----    ----
   XDATA SIZE       =   ----    ----
   PDATA SIZE       =   ----    ----
   DATA SIZE        =   ----    ----
   IDATA SIZE       =   ----    ----
   BIT SIZE         =   ----    ----
END OF MODULE INFORMATION.


C51 COMPILATION COMPLETE.  0 WARNING(S),  0 ERROR(S)
