C51 COMPILER V9.60.0.0   MAIN                                                              09/08/2022 23:14:12 PAGE 1   


C51 COMPILER V9.60.0.0, COMPILATION OF MODULE MAIN
OBJECT MODULE PLACED IN ..\bin\main.obj
COMPILER INVOKED BY: C:\Keil_v5\C51\BIN\C51.EXE ..\app\main.c OPTIMIZE(0,SPEED) BROWSE INCDIR(..\include) DEBUG OBJECTEX
                    -TEND PRINT(.\Listings\main.lst) TABS(2) OBJECT(..\bin\main.obj)

line level    source

   1          #include <reg51.h>
   2          #include "global.h"
   3          
   4          sbit SWITCH1 = P1 ^ 0;
   5          sbit SWITCH2 = P1 ^ 1;
   6          sbit SWITCH3 = P1 ^ 2;
   7          sbit SWITCH4 = P1 ^ 3;
   8          sbit SWITCH5 = P1 ^ 4;
   9          sbit SWITCH6 = P1 ^ 5;
  10          
  11          void main()
  12          {
  13   1        int flag = 0;
  14   1        while(1)
  15   1        {
  16   2          if (flag == 0)
  17   2          {
  18   3            if(SWITCH1 == 0)
  19   3              SETBIT(P0,1); //LED
  20   3            else if(SWITCH1 == 1)
  21   3              CLRBIT(P0,1);
  22   3            
  23   3            if(SWITCH2 == 0)
  24   3              SETBIT(P2,1); //FAN
  25   3            else if(SWITCH2 == 1)
  26   3              CLRBIT(P2,1);
  27   3            
  28   3            if(SWITCH3 == 0)
  29   3              SETBIT(P0,4); //LIGHT
  30   3            else if(SWITCH3 == 1)
  31   3              CLRBIT(P0,4);     
  32   3            
  33   3            if(SWITCH4 == 0)
  34   3              SETBIT(P2,3); //A/C
  35   3            else if(SWITCH4 == 1)
  36   3              CLRBIT(P2,3);
  37   3          }
  38   2          if(SWITCH5 == 0 && flag == 0)
  39   2          {
  40   3            flag = 1;
  41   3            SETBIT(P0,1);
  42   3            SETBIT(P2,1);
  43   3            SETBIT(P0,4);
  44   3            SETBIT(P2,3);
  45   3          }
  46   2          else
  47   2            flag = 0;
  48   2          
  49   2          if(SWITCH6 == 0)
  50   2          {
  51   3            flag = 2;
  52   3            SWITCH5 = 1;
  53   3            CLRBIT(P0,1);
  54   3            CLRBIT(P2,1);
C51 COMPILER V9.60.0.0   MAIN                                                              09/08/2022 23:14:12 PAGE 2   

  55   3            CLRBIT(P0,4);
  56   3            CLRBIT(P2,3);
  57   3          }
  58   2          else
  59   2            flag = 0;
  60   2        }
  61   1      }


MODULE INFORMATION:   STATIC OVERLAYABLE
   CODE SIZE        =    138    ----
   CONSTANT SIZE    =   ----    ----
   XDATA SIZE       =   ----    ----
   PDATA SIZE       =   ----    ----
   DATA SIZE        =      2    ----
   IDATA SIZE       =   ----    ----
   BIT SIZE         =   ----    ----
END OF MODULE INFORMATION.


C51 COMPILATION COMPLETE.  0 WARNING(S),  0 ERROR(S)
