C51 COMPILER V9.60.0.0   MAIN                                                              09/11/2022 05:07:50 PAGE 1   


C51 COMPILER V9.60.0.0, COMPILATION OF MODULE MAIN
OBJECT MODULE PLACED IN ..\bin\main.obj
COMPILER INVOKED BY: C:\Keil_v5\C51\BIN\C51.EXE ..\app\main.c OPTIMIZE(0,SPEED) BROWSE INCDIR(..\include) DEBUG OBJECTEX
                    -TEND PRINT(.\Listings\main.lst) TABS(2) OBJECT(..\bin\main.obj)

line level    source

   1          #include <reg51.h>
   2          #include "global.h"
   3          #include "robot.h"
   4          
   5          sbit SWITCH1 = P1 ^ 0;
   6          sbit SWITCH2 = P1 ^ 1;
   7          sbit SWITCH3 = P1 ^ 2;
   8          sbit SWITCH4 = P1 ^ 3;
   9          sbit SWITCH5 = P1 ^ 4;
  10          
  11          
  12          void main()
  13          {
  14   1        SETBIT(P2,BIT2); //ENABLE
  15   1        
  16   1        while(1)
  17   1        {
  18   2            if(SWITCH1 == 0)
  19   2              robotForward();
  20   2            
  21   2            if(SWITCH2 == 0)
  22   2              robotBackward();
  23   2            
  24   2            if(SWITCH3 == 0)
  25   2              robotLeft();
  26   2            
  27   2            if(SWITCH4 == 0)
  28   2              robotRight();
  29   2            
  30   2            if(SWITCH5 == 0)
  31   2              robotStop();
  32   2        }
  33   1      }


MODULE INFORMATION:   STATIC OVERLAYABLE
   CODE SIZE        =     36    ----
   CONSTANT SIZE    =   ----    ----
   XDATA SIZE       =   ----    ----
   PDATA SIZE       =   ----    ----
   DATA SIZE        =   ----    ----
   IDATA SIZE       =   ----    ----
   BIT SIZE         =   ----    ----
END OF MODULE INFORMATION.


C51 COMPILATION COMPLETE.  0 WARNING(S),  0 ERROR(S)
