C51 COMPILER V9.60.0.0   ROBOT                                                             09/11/2022 05:07:50 PAGE 1   


C51 COMPILER V9.60.0.0, COMPILATION OF MODULE ROBOT
OBJECT MODULE PLACED IN ..\bin\robot.obj
COMPILER INVOKED BY: C:\Keil_v5\C51\BIN\C51.EXE ..\src\robot.c OPTIMIZE(0,SPEED) BROWSE INCDIR(..\include) DEBUG OBJECTE
                    -XTEND PRINT(.\Listings\robot.lst) TABS(2) OBJECT(..\bin\robot.obj)

line level    source

   1          #include <reg51.h>
   2          #include "global.h"
   3          #include "robot.h"
   4          
   5          //Forward 1010
   6          void robotForward()
   7          {
   8   1        SETBIT(P2, BIT0);
   9   1        CLRBIT(P2, BIT1);
  10   1        SETBIT(P2, BIT6);
  11   1        CLRBIT(P2, BIT7);
  12   1      }
  13          
  14          //backward 0101
  15          void robotBackward()
  16          {
  17   1        CLRBIT(P2, BIT0);
  18   1        SETBIT(P2, BIT1);
  19   1        CLRBIT(P2, BIT6);
  20   1        SETBIT(P2, BIT7);
  21   1      }
  22          
  23          //left 0010
  24          void robotLeft()
  25          {
  26   1        CLRBIT(P2, BIT0);
  27   1        CLRBIT(P2, BIT1);
  28   1        SETBIT(P2, BIT6);
  29   1        CLRBIT(P2, BIT7);
  30   1      }
  31          //right 1000
  32          void robotRight()
  33          {
  34   1        SETBIT(P2, BIT0);
  35   1        CLRBIT(P2, BIT1);
  36   1        CLRBIT(P2, BIT6);
  37   1        CLRBIT(P2, BIT7);
  38   1      }
  39          //stop 0000
  40          void robotStop()
  41          {
  42   1        CLRBIT(P2, BIT0);
  43   1        CLRBIT(P2, BIT1);
  44   1        CLRBIT(P2, BIT6);
  45   1        CLRBIT(P2, BIT7);
  46   1      }


MODULE INFORMATION:   STATIC OVERLAYABLE
   CODE SIZE        =     65    ----
   CONSTANT SIZE    =   ----    ----
   XDATA SIZE       =   ----    ----
   PDATA SIZE       =   ----    ----
   DATA SIZE        =   ----    ----
C51 COMPILER V9.60.0.0   ROBOT                                                             09/11/2022 05:07:50 PAGE 2   

   IDATA SIZE       =   ----    ----
   BIT SIZE         =   ----    ----
END OF MODULE INFORMATION.


C51 COMPILATION COMPLETE.  0 WARNING(S),  0 ERROR(S)
