C51 COMPILER V9.60.0.0   MAIN                                                              09/01/2022 23:45:45 PAGE 1   


C51 COMPILER V9.60.0.0, COMPILATION OF MODULE MAIN
OBJECT MODULE PLACED IN .\Objects\main.obj
COMPILER INVOKED BY: C:\Keil_v5\C51\BIN\C51.EXE ..\app\main.c OPTIMIZE(0,SPEED) BROWSE DEBUG OBJECTEXTEND PRINT(.\Listin
                    -gs\main.lst) TABS(2) OBJECT(.\Objects\main.obj)

line level    source

   1          #include <reg51.h>
   2          
   3          sbit LED1 = P0^1;
   4          sbit LED2 = P0^2;
   5          
   6          sbit SWITCH1 = P1 ^ 1;
   7          sbit SWITCH2 = P1 ^ 2;
   8          sbit SWITCH3 = P1 ^ 3;
   9          
  10          void main()
  11          {
  12   1        while(1)
  13   1        {
  14   2          if (1 == SWITCH1)
  15   2          {
  16   3            LED1 = 1;
  17   3          }
  18   2          else if (0 == SWITCH1)
  19   2          {
  20   3            LED1 = 0;
  21   3          }
  22   2          
  23   2          if (1 == SWITCH2)
  24   2          {
  25   3            LED2 = 1;
  26   3          }
  27   2          else if (0 == SWITCH2)
  28   2          {
  29   3            LED2 = 0;
  30   3          }
  31   2          
  32   2          if (1 == SWITCH3)
  33   2          {
  34   3            LED1 = 1;
  35   3            LED2 = 1;
  36   3          }
  37   2          else if (0 == SWITCH3)
  38   2          {
  39   3            LED1 = 0;
  40   3            LED2 = 0;
  41   3          }
  42   2        }
  43   1      }


MODULE INFORMATION:   STATIC OVERLAYABLE
   CODE SIZE        =     43    ----
   CONSTANT SIZE    =   ----    ----
   XDATA SIZE       =   ----    ----
   PDATA SIZE       =   ----    ----
   DATA SIZE        =   ----    ----
   IDATA SIZE       =   ----    ----
   BIT SIZE         =   ----    ----
END OF MODULE INFORMATION.

C51 COMPILER V9.60.0.0   MAIN                                                              09/01/2022 23:45:45 PAGE 2   


C51 COMPILATION COMPLETE.  0 WARNING(S),  0 ERROR(S)
