C51 COMPILER V9.60.0.0   DELAY                                                             10/10/2022 23:30:30 PAGE 1   


C51 COMPILER V9.60.0.0, COMPILATION OF MODULE DELAY
OBJECT MODULE PLACED IN ..\bin\delay.obj
COMPILER INVOKED BY: C:\Keil_v5\C51\BIN\C51.EXE ..\src\delay.c OPTIMIZE(0,SPEED) BROWSE INCDIR(..\include) DEBUG OBJECTE
                    -XTEND PRINT(.\Listings\delay.lst) TABS(2) OBJECT(..\bin\delay.obj)

line level    source

   1          #include "delay.h"
   2          
   3          void delay(unsigned int count)
   4          {
   5   1        while(count--)
   6   1        {
   7   2          
   8   2        }
   9   1      }


MODULE INFORMATION:   STATIC OVERLAYABLE
   CODE SIZE        =     20    ----
   CONSTANT SIZE    =   ----    ----
   XDATA SIZE       =   ----    ----
   PDATA SIZE       =   ----    ----
   DATA SIZE        =      2    ----
   IDATA SIZE       =   ----    ----
   BIT SIZE         =   ----    ----
END OF MODULE INFORMATION.


C51 COMPILATION COMPLETE.  0 WARNING(S),  0 ERROR(S)
