C51 COMPILER V9.60.0.0   MKEYS                                                             10/10/2022 23:30:30 PAGE 1   


C51 COMPILER V9.60.0.0, COMPILATION OF MODULE MKEYS
OBJECT MODULE PLACED IN ..\bin\mkeys.obj
COMPILER INVOKED BY: C:\Keil_v5\C51\BIN\C51.EXE ..\src\mkeys.c OPTIMIZE(0,SPEED) BROWSE INCDIR(..\include) DEBUG OBJECTE
                    -XTEND PRINT(.\Listings\mkeys.lst) TABS(2) OBJECT(..\bin\mkeys.obj)

line level    source

   1          #include <reg51.h>
   2          #include <stdlib.h>
   3          #include <string.h>
   4          
   5          #include "global.h"
   6          #include "mkeys.h"
   7          
   8          
   9          #define mkeys P1
  10          
  11          #define senseColoumn1()   ISBITCLR(P1, BIT4)
  12          #define senseColoumn2()   ISBITCLR(P1, BIT5)
  13          #define senseColoumn3()   ISBITCLR(P1, BIT6)
  14          #define senseColoumn4()   ISBITCLR(P1, BIT7)
  15          
  16          static int pwd = 0;
  17          unsigned char keyBuf[16] = "789%456*123-#0=+";
  18          void activeRow1()
  19          {
  20   1        CLRBIT(P1, BIT0);
  21   1        SETBIT(P1, BIT1);
  22   1        SETBIT(P1, BIT2);
  23   1        SETBIT(P1, BIT3);
  24   1      }
  25          void activeRow2()
  26          {
  27   1        SETBIT(P1, BIT0);
  28   1        CLRBIT(P1, BIT1);
  29   1        SETBIT(P1, BIT2);
  30   1        SETBIT(P1, BIT3);
  31   1      }
  32          void activeRow3()
  33          {
  34   1        SETBIT(P1, BIT0);
  35   1        SETBIT(P1, BIT1);
  36   1        CLRBIT(P1, BIT2);
  37   1        SETBIT(P1, BIT3);
  38   1      }
  39          void activeRow4()
  40          {
  41   1        SETBIT(P1, BIT0);
  42   1        SETBIT(P1, BIT1);
  43   1        SETBIT(P1, BIT2);
  44   1        CLRBIT(P1, BIT3);
  45   1      }
  46          
  47          void configMKeys()
  48          {
  49   1        mkeys = 0xff;
  50   1      }
  51          
  52          unsigned char getKey()
  53          {
  54   1        unsigned char key = 0;
C51 COMPILER V9.60.0.0   MKEYS                                                             10/10/2022 23:30:30 PAGE 2   

  55   1        
  56   1        activeRow1();
  57   1        if(senseColoumn1())
  58   1        {
  59   2          while(senseColoumn1());
  60   2          key = keyBuf[0];
  61   2        }
  62   1        else if(senseColoumn2())
  63   1        {
  64   2          while(senseColoumn2());
  65   2          key = keyBuf[1];
  66   2        }
  67   1        else if(senseColoumn3())
  68   1        {
  69   2          while(senseColoumn3());
  70   2          key = keyBuf[2];
  71   2        }
  72   1        else if(senseColoumn4())
  73   1        {
  74   2          while(senseColoumn4());
  75   2          key = keyBuf[3];
  76   2        }
  77   1        else
  78   1        {
  79   2          activeRow2();
  80   2          if(senseColoumn1())
  81   2          {
  82   3            while(senseColoumn1());
  83   3            key = keyBuf[4];
  84   3          }
  85   2          else if(senseColoumn2())
  86   2          {
  87   3            while(senseColoumn2());
  88   3            key = keyBuf[5];
  89   3          }
  90   2          else if(senseColoumn3())
  91   2          {
  92   3            while(senseColoumn3());
  93   3            key = keyBuf[6];
  94   3          }
  95   2          else if(senseColoumn4())
  96   2          {
  97   3            while(senseColoumn4());
  98   3            key = keyBuf[7];
  99   3          }
 100   2          else
 101   2          {
 102   3            activeRow3();
 103   3            if(senseColoumn1())
 104   3            {
 105   4              while(senseColoumn1());
 106   4              key = keyBuf[8];
 107   4            }
 108   3            else if(senseColoumn2())
 109   3            {
 110   4              while(senseColoumn2());
 111   4              key = keyBuf[9];
 112   4            }
 113   3            else if(senseColoumn3())
 114   3            {
 115   4              while(senseColoumn3());
 116   4              key = keyBuf[10];
C51 COMPILER V9.60.0.0   MKEYS                                                             10/10/2022 23:30:30 PAGE 3   

 117   4            }
 118   3            else if(senseColoumn4())
 119   3            {
 120   4              while(senseColoumn4());
 121   4              key = keyBuf[11];
 122   4            }
 123   3            else
 124   3            {
 125   4              activeRow4();
 126   4              if(senseColoumn1())
 127   4              {
 128   5                while(senseColoumn1());
 129   5                key = keyBuf[12];
 130   5              }
 131   4              else if(senseColoumn2())
 132   4              {
 133   5                while(senseColoumn2());
 134   5                key = keyBuf[13];
 135   5              }
 136   4              else if(senseColoumn3())
 137   4              {
 138   5                while(senseColoumn3());
 139   5                key = keyBuf[14];
 140   5              }
 141   4              else if(senseColoumn4())
 142   4              {
 143   5                while(senseColoumn4());
 144   5                key = keyBuf[15];
 145   5              }
 146   4            }
 147   3          }
 148   2        }
 149   1        return key;
 150   1      }
 151          void resetPassword(void)
 152          {
 153   1        pwd = 0;
 154   1      }
 155          int enteredPassword(unsigned char value)
 156          {
 157   1        
 158   1        if(value != '%' && value != '*' && value != '-' && value != '='  && value != '+')
 159   1        {
 160   2          //Only numbers;
 161   2          pwd = atoi(&value) + (pwd*10);
 162   2        }
 163   1          
 164   1        return pwd;
 165   1      }


MODULE INFORMATION:   STATIC OVERLAYABLE
   CODE SIZE        =    395    ----
   CONSTANT SIZE    =   ----    ----
   XDATA SIZE       =   ----    ----
   PDATA SIZE       =   ----    ----
   DATA SIZE        =     20    ----
   IDATA SIZE       =   ----    ----
   BIT SIZE         =   ----    ----
END OF MODULE INFORMATION.


C51 COMPILATION COMPLETE.  0 WARNING(S),  0 ERROR(S)
