C51 COMPILER V9.60.0.0   LCD                                                               09/16/2022 00:20:19 PAGE 1   


C51 COMPILER V9.60.0.0, COMPILATION OF MODULE LCD
OBJECT MODULE PLACED IN ..\bin\lcd.obj
COMPILER INVOKED BY: C:\Keil_v5\C51\BIN\C51.EXE ..\src\lcd.c OPTIMIZE(0,SPEED) BROWSE INCDIR(..\include) DEBUG OBJECTEXT
                    -END PRINT(.\Listings\lcd.lst) TABS(2) OBJECT(..\bin\lcd.obj)

line level    source

   1          #include <reg51.h>
   2          #include "global.h"
   3          #include "delay.h"
   4          #include "lcd.h"
   5          
   6          #define LCD_DATA_PORT P2
   7          #define SET_LCD_CommandMode() CLRBIT(P3,BIT5);
   8          #define SET_LCD_DataMode()      SETBIT(P3,BIT5);
   9          
  10          static void set_LCDClock()
  11          {
  12   1        CLRBIT(P3,BIT7);
  13   1        delay(1000);
  14   1        SETBIT(P3,BIT7);
  15   1      }
  16          static void write_LCDPort(unsigned char value)
  17          {
  18   1        LCD_DATA_PORT = value;
  19   1      }
  20          void set_LCDCommand(unsigned char command)
  21          {
  22   1        write_LCDPort(command);
  23   1        SET_LCD_CommandMode();
  24   1        set_LCDClock();
  25   1      }
  26          
  27          void set_LCDData(unsigned char value)
  28          {
  29   1        write_LCDPort(value);
  30   1        SET_LCD_DataMode();
  31   1        set_LCDClock();
  32   1      }
  33          
  34          void set_LCDString(unsigned char *value)
  35          {
  36   1        while(*value != '\0')
  37   1        {
  38   2          set_LCDData(*value);
  39   2          value++;
  40   2        }
  41   1      }
  42          void init_LCD()
  43          {
  44   1        set_LCDCommand(0x38);//8tbit and bothlines
  45   1        set_LCDCommand(0x0E);
  46   1        set_LCDCommand(0x06);
  47   1      }


MODULE INFORMATION:   STATIC OVERLAYABLE
   CODE SIZE        =    110    ----
   CONSTANT SIZE    =   ----    ----
   XDATA SIZE       =   ----    ----
   PDATA SIZE       =   ----    ----
C51 COMPILER V9.60.0.0   LCD                                                               09/16/2022 00:20:19 PAGE 2   

   DATA SIZE        =      6    ----
   IDATA SIZE       =   ----    ----
   BIT SIZE         =   ----    ----
END OF MODULE INFORMATION.


C51 COMPILATION COMPLETE.  0 WARNING(S),  0 ERROR(S)
