C51 COMPILER V9.60.0.0   MAIN                                                              09/27/2022 23:10:16 PAGE 1   


C51 COMPILER V9.60.0.0, COMPILATION OF MODULE MAIN
OBJECT MODULE PLACED IN ..\bin\main.obj
COMPILER INVOKED BY: C:\Keil_v5\C51\BIN\C51.EXE ..\app\main.c OPTIMIZE(0,SPEED) BROWSE INCDIR(..\include) DEBUG OBJECTEX
                    -TEND PRINT(.\Listings\main.lst) TABS(2) OBJECT(..\bin\main.obj)

line level    source

   1          #include <reg51.h>
   2          #include "global.h"
   3          #include "lcd.h"
   4          #include "mkeys.h"
   5          
   6          void main()
   7          {
   8   1        unsigned char rawValue = 0;
   9   1        initLCD();
  10   1        configMKeys();
  11   1        
  12   1        while(1)
  13   1        {
  14   2          setLCDCommand(0x80);
  15   2          setLCDString("My Mkey Values:");
  16   2          rawValue = getKey();
  17   2          if(rawValue)
  18   2          {
  19   3            setLCDCommand(0xC0);
  20   3            setLCDData(rawValue);
  21   3          }
  22   2        }
  23   1      }


MODULE INFORMATION:   STATIC OVERLAYABLE
   CODE SIZE        =     45    ----
   CONSTANT SIZE    =     16    ----
   XDATA SIZE       =   ----    ----
   PDATA SIZE       =   ----    ----
   DATA SIZE        =      1    ----
   IDATA SIZE       =   ----    ----
   BIT SIZE         =   ----    ----
END OF MODULE INFORMATION.


C51 COMPILATION COMPLETE.  0 WARNING(S),  0 ERROR(S)
