C51 COMPILER V9.60.0.0   MKEYS                                                             09/27/2022 23:10:17 PAGE 1   


C51 COMPILER V9.60.0.0, COMPILATION OF MODULE MKEYS
OBJECT MODULE PLACED IN ..\bin\mkeys.obj
COMPILER INVOKED BY: C:\Keil_v5\C51\BIN\C51.EXE ..\src\mkeys.c OPTIMIZE(0,SPEED) BROWSE INCDIR(..\include) DEBUG OBJECTE
                    -XTEND PRINT(.\Listings\mkeys.lst) TABS(2) OBJECT(..\bin\mkeys.obj)

line level    source

   1          #include <reg51.h>
   2          #include "global.h"
   3          #include "mkeys.h"
   4          
   5          #define mkeys P1
   6          
   7          #define senseColoumn1()   ISBITCLR(P1, BIT4)
   8          #define senseColoumn2()   ISBITCLR(P1, BIT5)
   9          #define senseColoumn3()   ISBITCLR(P1, BIT6)
  10          #define senseColoumn4()   ISBITCLR(P1, BIT7)
  11          
  12          unsigned char keyBuf[16] = "789%456*123-#0=+";
  13          void activeRow1()
  14          {
  15   1        CLRBIT(P1, BIT0);
  16   1        SETBIT(P1, BIT1);
  17   1        SETBIT(P1, BIT2);
  18   1        SETBIT(P1, BIT3);
  19   1      }
  20          void activeRow2()
  21          {
  22   1        SETBIT(P1, BIT0);
  23   1        CLRBIT(P1, BIT1);
  24   1        SETBIT(P1, BIT2);
  25   1        SETBIT(P1, BIT3);
  26   1      }
  27          void activeRow3()
  28          {
  29   1        SETBIT(P1, BIT0);
  30   1        SETBIT(P1, BIT1);
  31   1        CLRBIT(P1, BIT2);
  32   1        SETBIT(P1, BIT3);
  33   1      }
  34          void activeRow4()
  35          {
  36   1        SETBIT(P1, BIT0);
  37   1        SETBIT(P1, BIT1);
  38   1        SETBIT(P1, BIT2);
  39   1        CLRBIT(P1, BIT3);
  40   1      }
  41          
  42          void configMKeys()
  43          {
  44   1        mkeys = 0xff;
  45   1      }
  46          
  47          unsigned char getKey()
  48          {
  49   1        unsigned char key = 0;
  50   1        
  51   1        activeRow1();
  52   1        if(senseColoumn1())
  53   1        {
  54   2          while(senseColoumn1());
C51 COMPILER V9.60.0.0   MKEYS                                                             09/27/2022 23:10:17 PAGE 2   

  55   2          key = keyBuf[0];
  56   2        }
  57   1        else if(senseColoumn2())
  58   1        {
  59   2          while(senseColoumn2());
  60   2          key = keyBuf[1];
  61   2        }
  62   1        else if(senseColoumn3())
  63   1        {
  64   2          while(senseColoumn3());
  65   2          key = keyBuf[2];
  66   2        }
  67   1        else if(senseColoumn4())
  68   1        {
  69   2          while(senseColoumn4());
  70   2          key = keyBuf[3];
  71   2        }
  72   1        else
  73   1        {
  74   2          activeRow2();
  75   2          if(senseColoumn1())
  76   2          {
  77   3            while(senseColoumn1());
  78   3            key = keyBuf[4];
  79   3          }
  80   2          else if(senseColoumn2())
  81   2          {
  82   3            while(senseColoumn2());
  83   3            key = keyBuf[5];
  84   3          }
  85   2          else if(senseColoumn3())
  86   2          {
  87   3            while(senseColoumn3());
  88   3            key = keyBuf[6];
  89   3          }
  90   2          else if(senseColoumn4())
  91   2          {
  92   3            while(senseColoumn4());
  93   3            key = keyBuf[7];
  94   3          }
  95   2          else
  96   2          {
  97   3            activeRow3();
  98   3            if(senseColoumn1())
  99   3            {
 100   4              while(senseColoumn1());
 101   4              key = keyBuf[8];
 102   4            }
 103   3            else if(senseColoumn2())
 104   3            {
 105   4              while(senseColoumn2());
 106   4              key = keyBuf[9];
 107   4            }
 108   3            else if(senseColoumn3())
 109   3            {
 110   4              while(senseColoumn3());
 111   4              key = keyBuf[10];
 112   4            }
 113   3            else if(senseColoumn4())
 114   3            {
 115   4              while(senseColoumn4());
 116   4              key = keyBuf[11];
C51 COMPILER V9.60.0.0   MKEYS                                                             09/27/2022 23:10:17 PAGE 3   

 117   4            }
 118   3            else
 119   3            {
 120   4              activeRow4();
 121   4              if(senseColoumn1())
 122   4              {
 123   5                while(senseColoumn1());
 124   5                key = keyBuf[12];
 125   5              }
 126   4              else if(senseColoumn2())
 127   4              {
 128   5                while(senseColoumn2());
 129   5                key = keyBuf[13];
 130   5              }
 131   4              else if(senseColoumn3())
 132   4              {
 133   5                while(senseColoumn3());
 134   5                key = keyBuf[14];
 135   5              }
 136   4              else if(senseColoumn4())
 137   4              {
 138   5                while(senseColoumn4());
 139   5                key = keyBuf[15];
 140   5              }
 141   4            }
 142   3          }
 143   2        }
 144   1        return key;
 145   1      }


MODULE INFORMATION:   STATIC OVERLAYABLE
   CODE SIZE        =    319    ----
   CONSTANT SIZE    =   ----    ----
   XDATA SIZE       =   ----    ----
   PDATA SIZE       =   ----    ----
   DATA SIZE        =     17    ----
   IDATA SIZE       =   ----    ----
   BIT SIZE         =   ----    ----
END OF MODULE INFORMATION.


C51 COMPILATION COMPLETE.  0 WARNING(S),  0 ERROR(S)
