C51 COMPILER V9.60.0.0   MAIN                                                              09/15/2022 00:55:14 PAGE 1   


C51 COMPILER V9.60.0.0, COMPILATION OF MODULE MAIN
OBJECT MODULE PLACED IN ..\bin\main.obj
COMPILER INVOKED BY: C:\Keil_v5\C51\BIN\C51.EXE ..\app\main.c OPTIMIZE(0,SPEED) BROWSE INCDIR(..\include) DEBUG OBJECTEX
                    -TEND PRINT(.\Listings\main.lst) TABS(2) OBJECT(..\bin\main.obj)

line level    source

   1          #include <reg51.h>
   2          #include "global.h"
   3          #include "stepper.h"
   4          
   5          
   6          sbit SWITCH1 = P1 ^ 0;
   7          sbit SWITCH2 = P1 ^ 1;
   8          
   9          void main()
  10          {
  11   1        while(1)
  12   1        {
  13   2          if(SWITCH1 == 0)
  14   2            StepperClockwise();
  15   2          if(SWITCH2 == 0)
  16   2            StepperAntiClockwise();
  17   2        
  18   2        }
  19   1      }


MODULE INFORMATION:   STATIC OVERLAYABLE
   CODE SIZE        =     15    ----
   CONSTANT SIZE    =   ----    ----
   XDATA SIZE       =   ----    ----
   PDATA SIZE       =   ----    ----
   DATA SIZE        =   ----    ----
   IDATA SIZE       =   ----    ----
   BIT SIZE         =   ----    ----
END OF MODULE INFORMATION.


C51 COMPILATION COMPLETE.  0 WARNING(S),  0 ERROR(S)
